\BOOKMARK [0][]{chapter.1}{\376\377\173\054\116\000\172\340\000\040\116\000\176\364\145\160\176\304}{}% 1
\BOOKMARK [1][]{section.1.1}{\376\377\0001\000.\0001\000\040\0002\0000\0001\0006\0000\0004\000-\0001\000\040\142\230\160\271\213\241\145\160}{chapter.1}% 2
\BOOKMARK [1][]{section.1.2}{\376\377\0001\000.\0002\000\040\0002\0000\0001\0006\0000\0009\000-\0001\000\040\147\000\131\047\154\342\122\250}{chapter.1}% 3
\BOOKMARK [1][]{section.1.3}{\376\377\0001\000.\0003\000\040\0002\0000\0001\0008\0000\0009\000-\0001\000\040\123\126\203\334}{chapter.1}% 4
\BOOKMARK [1][]{section.1.4}{\376\377\0001\000.\0004\000\040\0002\0000\0001\0009\0000\0003\000-\0001\000\040\134\017\116\055\131\047}{chapter.1}% 5
\BOOKMARK [1][]{section.1.5}{\376\377\0001\000.\0005\000\040\0002\0000\0002\0002\0000\0003\000-\0001\000\040\147\052\122\035\131\313\123\026\213\146\124\112}{chapter.1}% 6
\BOOKMARK [1][]{section.1.6}{\376\377\0001\000.\0006\000\040\0002\0000\0001\0007\0000\0003\000-\0001\000\040\122\006\206\313\174\325}{chapter.1}% 7
\BOOKMARK [1][]{section.1.7}{\376\377\0001\000.\0007\000\040\0002\0000\0001\0006\0001\0002\000-\0001\000\040\116\055\225\364\145\160}{chapter.1}% 8
\BOOKMARK [1][]{section.1.8}{\376\377\0001\000.\0008\000\040\0002\0000\0001\0008\0001\0002\000-\0001\000\040\134\017\146\016\116\012\133\146}{chapter.1}% 9
\BOOKMARK [1][]{section.1.9}{\376\377\0001\000.\0009\000\040\0002\0000\0001\0008\0001\0002\000-\0002\000\040\134\017\146\016\145\076\133\146}{chapter.1}% 10
\BOOKMARK [1][]{section.1.10}{\376\377\0001\000.\0001\0000\000\040\0002\0000\0002\0000\0000\0006\000-\0001\000\040\176\277\140\047\122\006\174\173\126\150}{chapter.1}% 11
\BOOKMARK [1][]{section.1.11}{\376\377\0001\000.\0001\0001\000\040\0002\0000\0001\0005\0000\0009\000-\0002\000\040\145\345\147\037\213\241\173\227}{chapter.1}% 12
\BOOKMARK [1][]{section.1.12}{\376\377\0001\000.\0001\0002\000\040\0002\0000\0001\0005\0000\0003\000-\0003\000\040\202\202\145\345}{chapter.1}% 13
\BOOKMARK [0][]{chapter.2}{\376\377\173\054\116\214\172\340\000\040\000S\000T\000L\121\145\225\350\116\016\000v\000e\000c\000t\000o\000r}{}% 14
\BOOKMARK [1][]{section.2.1}{\376\377\0002\000.\0001\000\040\0002\0000\0001\0007\0001\0002\000-\0002\000\040\156\070\142\017}{chapter.2}% 15
\BOOKMARK [1][]{section.2.2}{\376\377\0002\000.\0002\000\040\0002\0000\0002\0000\0000\0009\000-\0002\000\040\230\316\226\151\116\272\177\244\173\133\147\345}{chapter.2}% 16
\BOOKMARK [1][]{section.2.3}{\376\377\0002\000.\0003\000\040\0002\0000\0001\0005\0000\0003\000-\0001\000\040\126\376\120\317\145\313\217\154}{chapter.2}% 17
\BOOKMARK [1][]{section.2.4}{\376\377\0002\000.\0004\000\040\0002\0000\0001\0005\0001\0002\000-\0002\000\040\155\210\226\144\174\173\156\070\142\017}{chapter.2}% 18
\BOOKMARK [1][]{section.2.5}{\376\377\0002\000.\0005\000\040\0002\0000\0001\0006\0000\0004\000-\0002\000\040\117\304\177\127\145\257\145\271\127\127}{chapter.2}% 19
\BOOKMARK [1][]{section.2.6}{\376\377\0002\000.\0006\000\040\0002\0000\0002\0003\0000\0005\000-\0002\000\040\167\351\226\065\217\320\173\227}{chapter.2}% 20
\BOOKMARK [1][]{section.2.7}{\376\377\0002\000.\0007\000\040\0002\0000\0001\0004\0000\0003\000-\0002\000\040\172\227\123\343}{chapter.2}% 21
\BOOKMARK [1][]{section.2.8}{\376\377\0002\000.\0008\000\040\0002\0000\0001\0008\0000\0003\000-\0002\000\040\170\260\144\236\166\204\134\017\164\003}{chapter.2}% 22
\BOOKMARK [1][]{section.2.9}{\376\377\0002\000.\0009\000\040\0002\0000\0001\0009\0001\0002\000-\0002\000\040\126\336\145\066\172\331\220\011\127\100}{chapter.2}% 23
\BOOKMARK [1][]{section.2.10}{\376\377\0002\000.\0001\0000\000\040\0002\0000\0002\0000\0000\0009\000-\0001\000\040\150\300\155\113\160\271\147\345\213\342}{chapter.2}% 24
\BOOKMARK [1][]{section.2.11}{\376\377\0002\000.\0001\0001\000\040\0002\0000\0002\0000\0000\0006\000-\0002\000\040\172\000\165\217\124\021\221\317}{chapter.2}% 25
\BOOKMARK [1][]{section.2.12}{\376\377\0002\000.\0001\0002\000\040\0002\0000\0002\0002\0000\0006\000-\0002\000\040\133\373\133\235\377\001\131\047\121\222\226\151\377\001}{chapter.2}% 26
\BOOKMARK [0][]{chapter.3}{\376\377\173\054\116\011\172\340\000\040\000S\000T\000L}{}% 27
\BOOKMARK [1][]{section.3.1}{\376\377\0003\000.\0001\000\040\0002\0000\0001\0007\0000\0003\000-\0002\000\040\133\146\165\037\143\222\226\037}{chapter.3}% 28
\BOOKMARK [1][]{section.3.2}{\376\377\0003\000.\0002\000\040\0002\0000\0001\0007\0000\0009\000-\0002\000\040\121\154\121\161\224\245\123\031\166\322}{chapter.3}% 29
\BOOKMARK [1][]{section.3.3}{\376\377\0003\000.\0003\000\040\0002\0000\0001\0003\0001\0002\000-\0001\000\040\121\372\163\260\153\041\145\160\147\000\131\032\166\204\145\160}{chapter.3}% 30
\BOOKMARK [1][]{section.3.4}{\376\377\0003\000.\0004\000\040\0002\0000\0001\0005\0000\0003\000-\0002\000\040\145\160\133\127\143\222\136\217}{chapter.3}% 31
\BOOKMARK [1][]{section.3.5}{\376\377\0003\000.\0005\000\040\0002\0000\0001\0004\0000\0003\000-\0001\000\040\166\370\123\315\145\160}{chapter.3}% 32
\BOOKMARK [1][]{section.3.6}{\376\377\0003\000.\0006\000\040\0002\0000\0001\0004\0001\0002\000-\0001\000\040\225\350\171\201\174\373\176\337}{chapter.3}% 33
\BOOKMARK [0][]{chapter.4}{\376\377\173\054\126\333\172\340\000\040\133\127\173\046\116\062}{}% 34
\BOOKMARK [1][]{section.4.1}{\376\377\0004\000.\0001\000\040\0002\0000\0001\0009\0000\0009\000-\0003\000\040\133\127\173\046\165\073\377\010\131\015\147\102\152\041\142\337\377\011}{chapter.4}% 35
\BOOKMARK [1][]{section.4.2}{\376\377\0004\000.\0002\000\040\0002\0000\0001\0008\0001\0002\000-\0003\000\040\000C\000I\000D\000R\124\010\136\166\000\050\000v\000e\000c\000t\000o\000r\000\040\000s\000t\000r\000u\000c\000t\122\006\122\162\000\051}{chapter.4}% 36
\BOOKMARK [1][]{section.4.3}{\376\377\0004\000.\0003\000\040\0002\0000\0002\0003\0000\0005\000-\0001\000\040\221\315\131\015\134\100\227\142}{chapter.4}% 37
\BOOKMARK [1][]{section.4.4}{\376\377\0004\000.\0004\000\040\0002\0000\0002\0002\0000\0006\000-\0003\000\040\211\322\202\162\143\210\147\103}{chapter.4}% 38
\BOOKMARK [1][]{section.4.5}{\376\377\0004\000.\0005\000\040\0002\0000\0002\0000\0001\0002\000-\0003\000\040\136\046\221\115\230\235\166\204\145\207\116\366\174\373\176\337}{chapter.4}% 39
